#
# A fatal error has been detected by the Java Runtime Environment:
#
#  EXCEPTION_ACCESS_VIOLATION (0xc0000005) at pc=0x00007ff8af30e332, pid=13524, tid=10816
#
# JRE version: OpenJDK Runtime Environment Temurin-17.0.4+8 (17.0.4+8) (build 17.0.4+8)
# Java VM: OpenJDK 64-Bit Server VM Temurin-17.0.4+8 (17.0.4+8, mixed mode, tiered, compressed oops, compressed class ptrs, parallel gc, windows-amd64)
# Problematic frame:
# V  [jvm.dll+0x22e332]
#
# No core dump will be written. Minidumps are not enabled by default on client versions of Windows
#
# If you would like to submit a bug report, please visit:
#   https://github.com/adoptium/adoptium-support/issues
#

---------------  S U M M A R Y ------------

Command Line: --add-modules=ALL-SYSTEM --add-opens=java.base/java.util=ALL-UNNAMED --add-opens=java.base/java.lang=ALL-UNNAMED --add-opens=java.base/sun.nio.fs=ALL-UNNAMED -Declipse.application=org.eclipse.jdt.ls.core.id1 -Dosgi.bundles.defaultStartLevel=4 -Declipse.product=org.eclipse.jdt.ls.core.product -Djava.import.generatesMetadataFilesAtProjectRoot=false -Dfile.encoding=utf8 -DwatchParentProcess=false -Xlog:jni+resolve=off -XX:+UseParallelGC -XX:GCTimeRatio=4 -XX:AdaptiveSizePolicyWeight=90 -Dsun.zip.disableMemoryMapping=true -Xmx1G -Xms100m -javaagent:c:\Users\baokh\.vscode\extensions\redhat.java-1.10.0-win32-x64\lombok\lombok-1.18.24.jar -XX:+HeapDumpOnOutOfMemoryError -XX:HeapDumpPath=c:\Users\baokh\AppData\Roaming\Code\User\workspaceStorage\451df31cd83aa7fad3f5bcb67ad3c674\redhat.java c:\Users\baokh\.vscode\extensions\redhat.java-1.10.0-win32-x64\server\plugins\org.eclipse.equinox.launcher_1.6.400.v20210924-0641.jar -configuration c:\Users\baokh\AppData\Roaming\Code\User\globalStorage\redhat.java\1.10.0\config_win -data c:\Users\baokh\AppData\Roaming\Code\User\workspaceStorage\451df31cd83aa7fad3f5bcb67ad3c674\redhat.java\jdt_ws

Host: Intel(R) Core(TM) i5-4460  CPU @ 3.20GHz, 4 cores, 7G,  Windows 10 , 64 bit Build 19041 (10.0.19041.1889)
Time: Thu Sep 15 02:50:21 2022 SE Asia Standard Time elapsed time: 10992.482778 seconds (0d 3h 3m 12s)

---------------  T H R E A D  ---------------

Current thread (0x0000020e91bbe8c0):  VMThread "VM Thread" [stack: 0x0000008edcc00000,0x0000008edcd00000] [id=10816]

Stack: [0x0000008edcc00000,0x0000008edcd00000],  sp=0x0000008edccfe5f0,  free space=1017k
Native frames: (J=compiled Java code, j=interpreted, Vv=VM code, C=native code)
V  [jvm.dll+0x22e332]
V  [jvm.dll+0x22f3e3]
V  [jvm.dll+0x64d348]
V  [jvm.dll+0x20282e]
V  [jvm.dll+0x6b10da]
V  [jvm.dll+0x6b018d]
V  [jvm.dll+0x6b6811]
V  [jvm.dll+0x6826a3]
V  [jvm.dll+0x6b7ee4]
V  [jvm.dll+0x83867b]
V  [jvm.dll+0x8393b4]
V  [jvm.dll+0x8398cc]
V  [jvm.dll+0x839ca4]
V  [jvm.dll+0x839d70]
V  [jvm.dll+0x7e245a]
V  [jvm.dll+0x6761c5]
C  [ucrtbase.dll+0x21bb2]
C  [KERNEL32.DLL+0x17034]
C  [ntdll.dll+0x52651]


siginfo: EXCEPTION_ACCESS_VIOLATION (0xc0000005), reading address 0xffffffffffffffff


Register to memory mapping:

RIP=0x00007ff8af30e332 jvm.dll
RAX=0x0010000000000000 is an unknown value
RBX=0x0010000000000000 is an unknown value
RCX=0x0 is NULL
RDX=0x0 is NULL
RSP=0x0000008edccfe5f0 points into unknown readable memory: 0x0000000000000000 | 00 00 00 00 00 00 00 00
RBP=0x0000008edccfe699 points into unknown readable memory: e6 cf dc 8e 00 00 00
RSI=0x0000000000000001 is an unknown value
RDI=0x0 is NULL
R8 =0x0000000000000048 is an unknown value
R9 =0x0000000000000001 is an unknown value
R10=0x00007ff8af0e0000 jvm.dll
R11=0x0 is NULL
R12=0x0 is NULL
R13=0x0000020ea7ad5bc0 points into unknown readable memory: 0x3613150b00000002 | 02 00 00 00 0b 15 13 36
R14=0x0000020e975a4190 is at entry_point+-432 in (nmethod*)0x0000020e975a4190
R15=0x0000020e91bbdf00 points into unknown readable memory: 0x00000000c030ffc0 | c0 ff 30 c0 00 00 00 00


Registers:
RAX=0x0010000000000000, RBX=0x0010000000000000, RCX=0x0000000000000000, RDX=0x0000000000000000
RSP=0x0000008edccfe5f0, RBP=0x0000008edccfe699, RSI=0x0000000000000001, RDI=0x0000000000000000
R8 =0x0000000000000048, R9 =0x0000000000000001, R10=0x00007ff8af0e0000, R11=0x0000000000000000
R12=0x0000000000000000, R13=0x0000020ea7ad5bc0, R14=0x0000020e975a4190, R15=0x0000020e91bbdf00
RIP=0x00007ff8af30e332, EFLAGS=0x0000000000010206

Top of Stack: (sp=0x0000008edccfe5f0)
0x0000008edccfe5f0:   0000000000000000 0000008edccfe699
0x0000008edccfe600:   0000000000000001 0000000000000000
0x0000008edccfe610:   0000020e91bbdfd0 0000020e91bbe3a8
0x0000008edccfe620:   0000000000000000 0000020e975a4316
0x0000008edccfe630:   0000020e975a4330 0000020e975a4190
0x0000008edccfe640:   0000020e975a44b5 000000000000003c
0x0000008edccfe650:   0000020e975a4312 00007ff8af2d0000
0x0000008edccfe660:   0000020e975a4340 0000020e975a4340
0x0000008edccfe670:   0000020e975a44a0 0000020e975a4340
0x0000008edccfe680:   0000020e975a44a0 0000020e975a44f8
0x0000008edccfe690:   00007ff8afa177e8 0000008edccfe620
0x0000008edccfe6a0:   0000020e0000000c 0000000000000000
0x0000008edccfe6b0:   0000000100000000 00001a606781e24c
0x0000008edccfe6c0:   0000020e91bbdfc0 0000020ea7ad5bc0
0x0000008edccfe6d0:   0000020e91bbdfd0 0000000000000001
0x0000008edccfe6e0:   0000020e91bbe3a8 00000000000003d8 

Instructions: (pc=0x00007ff8af30e332)
0x00007ff8af30e232:   7d 07 48 8d 4d 87 e8 73 89 49 00 45 32 ff 48 8d
0x00007ff8af30e242:   1d a1 95 70 00 b9 00 f0 00 00 0f 1f 40 00 48 8b
0x00007ff8af30e252:   45 8f 48 83 c0 02 48 89 45 8f 48 3b 45 97 0f 84
0x00007ff8af30e262:   51 03 00 00 66 89 7d bf 0f b7 00 66 23 c1 66 3b
0x00007ff8af30e272:   c1 75 09 48 8d 4d 87 e8 52 83 49 00 48 8b 45 8f
0x00007ff8af30e282:   0f b7 10 48 8b 45 87 81 e2 ff 03 00 00 48 03 55
0x00007ff8af30e292:   a7 48 89 55 a7 48 85 c0 74 09 48 3b d0 0f 83 12
0x00007ff8af30e2a2:   03 00 00 48 8b 45 8f 0f b7 08 c1 e9 0c 83 e9 02
0x00007ff8af30e2b2:   0f 84 ba 01 00 00 83 e9 01 0f 84 75 01 00 00 83
0x00007ff8af30e2c2:   e9 01 0f 84 c5 00 00 00 83 e9 01 0f 84 b4 00 00
0x00007ff8af30e2d2:   00 83 f9 07 b9 00 f0 00 00 0f 85 6f ff ff ff 45
0x00007ff8af30e2e2:   84 ff 0f 84 66 ff ff ff 49 8b 06 49 8b ce 45 32
0x00007ff8af30e2f2:   ff ff 90 20 02 00 00 84 c0 0f 85 2e 01 00 00 48
0x00007ff8af30e302:   8d 45 87 c7 45 07 0c 00 00 00 48 8d 4d f7 48 89
0x00007ff8af30e312:   45 ff 48 89 5d f7 e8 53 9c 49 00 48 8d 4d f7 e8
0x00007ff8af30e322:   8a 8a 49 00 48 8b d8 48 85 c0 0f 84 fd 00 00 00
0x00007ff8af30e332:   48 8b 10 48 8b c8 ff 52 10 84 c0 0f 84 ec 00 00
0x00007ff8af30e342:   00 48 8b 43 08 48 8b 48 08 48 8b 49 18 48 8b 89
0x00007ff8af30e352:   98 00 00 00 e8 15 64 fc ff 84 c0 0f 85 cc 00 00
0x00007ff8af30e362:   00 48 8d 4d f7 e8 24 8a 49 00 48 89 38 83 7d 0f
0x00007ff8af30e372:   00 0f 84 b6 00 00 00 48 8d 4d f7 e8 8e 86 49 00
0x00007ff8af30e382:   e9 b9 fe ff ff 41 b7 01 e9 b8 fe ff ff 49 8b 1e
0x00007ff8af30e392:   48 8d 4d 87 e8 c5 90 49 00 48 8b d0 49 8b ce ff
0x00007ff8af30e3a2:   93 08 02 00 00 48 8b c8 48 8b f0 48 8b 10 ff 12
0x00007ff8af30e3b2:   48 8b c8 e8 76 45 fd ff 48 8b f8 48 85 c0 74 69
0x00007ff8af30e3c2:   48 8b 10 48 8b c8 ff 52 58 33 db 84 c0 48 0f 45
0x00007ff8af30e3d2:   df 48 85 db 74 53 45 84 e4 75 2d 48 8b 03 48 8b
0x00007ff8af30e3e2:   cb ff 90 c0 00 00 00 84 c0 74 1d 48 8b 03 48 8b
0x00007ff8af30e3f2:   cb ff 90 20 02 00 00 84 c0 75 0d 48 8b 43 70 48
0x00007ff8af30e402:   8b 40 48 48 3b c3 74 21 49 8b 06 49 8b ce ff 90
0x00007ff8af30e412:   20 02 00 00 84 c0 48 8b ce 0f 94 c2 e8 4d f0 ff
0x00007ff8af30e422:   ff 84 c0 0f 84 88 01 00 00 0f b6 75 6f 33 ff e9 


Stack slot to memory mapping:
stack at sp + 0 slots: 0x0 is NULL
stack at sp + 1 slots: 0x0000008edccfe699 points into unknown readable memory: e6 cf dc 8e 00 00 00
stack at sp + 2 slots: 0x0000000000000001 is an unknown value
stack at sp + 3 slots: 0x0 is NULL
stack at sp + 4 slots: 0x0000020e91bbdfd0 points into unknown readable memory: 0x0000020e91bbdff0 | f0 df bb 91 0e 02 00 00
stack at sp + 5 slots: 0x0000020e91bbe3a8 points into unknown readable memory: 0x1000c3634c16ec99 | 99 ec 16 4c 63 c3 00 10
stack at sp + 6 slots: 0x0 is NULL
stack at sp + 7 slots: 0x0000020e975a4316 is at entry_point+-42 in (nmethod*)0x0000020e975a4190

VM_Operation (0x0000008ede8fc9e0): ParallelGCFailedAllocation, mode: safepoint, requested by thread 0x0000020eab57b690


---------------  P R O C E S S  ---------------

Threads class SMR info:
_java_thread_list=0x0000020eab588450, length=33, elements={
0x0000020e93d782a0, 0x0000020ea7b97760, 0x0000020ea7b984e0, 0x0000020ea7bd1010,
0x0000020ea7bd3ba0, 0x0000020ea7bd45c0, 0x0000020ea7bd5e90, 0x0000020ea7bd6a80,
0x0000020ea7bd9ba0, 0x0000020ea9600020, 0x0000020e93e36e00, 0x0000020ea98a05a0,
0x0000020ea9e5b1a0, 0x0000020eaacb3f10, 0x0000020eaae0e0b0, 0x0000020ea9cf3870,
0x0000020eaae1b460, 0x0000020eaae8a9c0, 0x0000020eaac3d600, 0x0000020eaac3af80,
0x0000020eb0321310, 0x0000020eb0320e40, 0x0000020eb0320970, 0x0000020eb0323990,
0x0000020eab4a87e0, 0x0000020eab4aa990, 0x0000020eb0324cd0, 0x0000020eb0322b20,
0x0000020eab578b40, 0x0000020eab57bb60, 0x0000020eab57b690, 0x0000020eab57f050,
0x0000020eab579010
}

Java Threads: ( => current thread )
  0x0000020e93d782a0 JavaThread "main" [_thread_blocked, id=18052, stack(0x0000008edca00000,0x0000008edcb00000)]
  0x0000020ea7b97760 JavaThread "Reference Handler" daemon [_thread_blocked, id=19184, stack(0x0000008edcd00000,0x0000008edce00000)]
  0x0000020ea7b984e0 JavaThread "Finalizer" daemon [_thread_blocked, id=13000, stack(0x0000008edce00000,0x0000008edcf00000)]
  0x0000020ea7bd1010 JavaThread "Signal Dispatcher" daemon [_thread_blocked, id=19996, stack(0x0000008edcf00000,0x0000008edd000000)]
  0x0000020ea7bd3ba0 JavaThread "Attach Listener" daemon [_thread_blocked, id=3032, stack(0x0000008edd000000,0x0000008edd100000)]
  0x0000020ea7bd45c0 JavaThread "Service Thread" daemon [_thread_blocked, id=18204, stack(0x0000008edd100000,0x0000008edd200000)]
  0x0000020ea7bd5e90 JavaThread "Monitor Deflation Thread" daemon [_thread_blocked, id=2536, stack(0x0000008edd200000,0x0000008edd300000)]
  0x0000020ea7bd6a80 JavaThread "C2 CompilerThread0" daemon [_thread_blocked, id=14064, stack(0x0000008edd300000,0x0000008edd400000)]
  0x0000020ea7bd9ba0 JavaThread "C1 CompilerThread0" daemon [_thread_blocked, id=19268, stack(0x0000008edd400000,0x0000008edd500000)]
  0x0000020ea9600020 JavaThread "Sweeper thread" daemon [_thread_blocked, id=11832, stack(0x0000008edd500000,0x0000008edd600000)]
  0x0000020e93e36e00 JavaThread "Common-Cleaner" daemon [_thread_blocked, id=11612, stack(0x0000008edd600000,0x0000008edd700000)]
  0x0000020ea98a05a0 JavaThread "Notification Thread" daemon [_thread_blocked, id=6948, stack(0x0000008edd700000,0x0000008edd800000)]
  0x0000020ea9e5b1a0 JavaThread "Active Thread: Equinox Container: 0b97f35f-8903-47cc-9042-efa91b6657af" [_thread_blocked, id=18056, stack(0x0000008eddd00000,0x0000008edde00000)]
  0x0000020eaacb3f10 JavaThread "Framework Event Dispatcher: Equinox Container: 0b97f35f-8903-47cc-9042-efa91b6657af" daemon [_thread_blocked, id=6020, stack(0x0000008eddc00000,0x0000008eddd00000)]
  0x0000020eaae0e0b0 JavaThread "Start Level: Equinox Container: 0b97f35f-8903-47cc-9042-efa91b6657af" daemon [_thread_blocked, id=12464, stack(0x0000008edde00000,0x0000008eddf00000)]
  0x0000020ea9cf3870 JavaThread "SCR Component Actor" daemon [_thread_blocked, id=14076, stack(0x0000008eddf00000,0x0000008ede000000)]
  0x0000020eaae1b460 JavaThread "Bundle File Closer" daemon [_thread_blocked, id=8512, stack(0x0000008ede100000,0x0000008ede200000)]
  0x0000020eaae8a9c0 JavaThread "Worker-JM" [_thread_blocked, id=18344, stack(0x0000008ede200000,0x0000008ede300000)]
  0x0000020eaac3d600 JavaThread "Java indexing" daemon [_thread_blocked, id=2860, stack(0x0000008ede600000,0x0000008ede700000)]
  0x0000020eaac3af80 JavaThread "pool-1-thread-1" [_thread_blocked, id=1696, stack(0x0000008edea00000,0x0000008edeb00000)]
  0x0000020eb0321310 JavaThread "Java Debug Server" daemon [_thread_in_native, id=12660, stack(0x0000008edc800000,0x0000008edc900000)]
  0x0000020eb0320e40 JavaThread "RxSchedulerPurge-1" daemon [_thread_blocked, id=1168, stack(0x0000008ede500000,0x0000008ede600000)]
  0x0000020eb0320970 JavaThread "RxCachedWorkerPoolEvictor-1" daemon [_thread_blocked, id=20752, stack(0x0000008eded00000,0x0000008edee00000)]
  0x0000020eb0323990 JavaThread "process reaper" daemon [_thread_in_native, id=9868, stack(0x0000008edc580000,0x0000008edc5a0000)]
  0x0000020eab4a87e0 JavaThread "pool-2-thread-2" [_thread_in_native, id=4556, stack(0x0000008ede700000,0x0000008ede800000)]
  0x0000020eab4aa990 JavaThread "RxNewThreadScheduler-3" daemon [_thread_blocked, id=10336, stack(0x0000008edee00000,0x0000008edef00000)]
  0x0000020eb0324cd0 JavaThread "Worker-10" [_thread_blocked, id=8988, stack(0x0000008ede300000,0x0000008ede400000)]
  0x0000020eb0322b20 JavaThread "Worker-11" [_thread_blocked, id=4656, stack(0x0000008ede000000,0x0000008ede100000)]
  0x0000020eab578b40 JavaThread "ForkJoinPool.commonPool-worker-7" daemon [_thread_blocked, id=19128, stack(0x0000008edc900000,0x0000008edca00000)]
  0x0000020eab57bb60 JavaThread "ForkJoinPool.commonPool-worker-8" daemon [_thread_blocked, id=20900, stack(0x0000008ede400000,0x0000008ede500000)]
  0x0000020eab57b690 JavaThread "ForkJoinPool.commonPool-worker-9" daemon [_thread_blocked, id=19604, stack(0x0000008ede800000,0x0000008ede900000)]
  0x0000020eab57f050 JavaThread "ForkJoinPool.commonPool-worker-10" daemon [_thread_blocked, id=2908, stack(0x0000008ede900000,0x0000008edea00000)]
  0x0000020eab579010 JavaThread "Worker-12" [_thread_blocked, id=20120, stack(0x0000008edeb00000,0x0000008edec00000)]

Other Threads:
=>0x0000020e91bbe8c0 VMThread "VM Thread" [stack: 0x0000008edcc00000,0x0000008edcd00000] [id=10816]
  0x0000020ea989efa0 WatcherThread [stack: 0x0000008edd800000,0x0000008edd900000] [id=7592]
  0x0000020e93d8daa0 GCTaskThread "GC Thread#0" [stack: 0x0000008edcb00000,0x0000008edcc00000] [id=19792]
  0x0000020eaa0ade40 GCTaskThread "GC Thread#1" [stack: 0x0000008edd900000,0x0000008edda00000] [id=11528]
  0x0000020ea9ddb010 GCTaskThread "GC Thread#2" [stack: 0x0000008edda00000,0x0000008eddb00000] [id=22004]
  0x0000020ea9ddb2c0 GCTaskThread "GC Thread#3" [stack: 0x0000008eddb00000,0x0000008eddc00000] [id=18992]

Threads with active compile tasks:

VM state: at safepoint (normal execution)

VM Mutex/Monitor currently owned by a thread:  ([mutex/lock_event])
[0x0000020e93d742e0] Threads_lock - owner thread: 0x0000020e91bbe8c0
[0x0000020e93d730e0] Heap_lock - owner thread: 0x0000020eab57b690

Heap address: 0x00000000c0000000, size: 1024 MB, Compressed Oops mode: 32-bit

CDS archive(s) not mapped
Compressed class space mapped at: 0x0000000100000000-0x0000000140000000, reserved size: 1073741824
Narrow klass base: 0x0000000000000000, Narrow klass shift: 3, Narrow klass range: 0x140000000

GC Precious Log:
 CPUs: 4 total, 4 available
 Memory: 8082M
 Large Page Support: Disabled
 NUMA Support: Disabled
 Compressed Oops: Enabled (32-bit)
 Alignments: Space 512K, Generation 512K, Heap 2M
 Heap Min Capacity: 100M
 Heap Initial Capacity: 100M
 Heap Max Capacity: 1G
 Pre-touch: Disabled
 Parallel Workers: 4

Heap:
 PSYoungGen      total 13824K, used 1534K [0x00000000eab00000, 0x00000000ecf00000, 0x0000000100000000)
  eden space 12288K, 0% used [0x00000000eab00000,0x00000000eab00000,0x00000000eb700000)
  from space 1536K, 99% used [0x00000000eb780000,0x00000000eb8ff920,0x00000000eb900000)
  to   space 12288K, 0% used [0x00000000ec300000,0x00000000ec300000,0x00000000ecf00000)
 ParOldGen       total 283648K, used 283459K [0x00000000c0000000, 0x00000000d1500000, 0x00000000eab00000)
  object space 283648K, 99% used [0x00000000c0000000,0x00000000d14d0cc0,0x00000000d1500000)
 Metaspace       used 90948K, committed 92224K, reserved 1138688K
  class space    used 9211K, committed 9792K, reserved 1048576K

Card table byte_map: [0x0000020e93730000,0x0000020e93940000] _byte_map_base: 0x0000020e93130000

Marking Bits: (ParMarkBitMap*) 0x00007ff8afc62cd0
 Begin Bits: [0x0000020ea5a10000, 0x0000020ea6a10000)
 End Bits:   [0x0000020ea6a10000, 0x0000020ea7a10000)

Polling page: 0x0000020e91cc0000

Metaspace:

Usage:
  Non-class:     79.82 MB used.
      Class:      9.00 MB used.
       Both:     88.82 MB used.

Virtual space:
  Non-class space:       88.00 MB reserved,      80.50 MB ( 91%) committed,  11 nodes.
      Class space:        1.00 GB reserved,       9.56 MB ( <1%) committed,  1 nodes.
             Both:        1.09 GB reserved,      90.06 MB (  8%) committed. 

Chunk freelists:
   Non-Class:  3.13 MB
       Class:  2.27 MB
        Both:  5.40 MB

MaxMetaspaceSize: unlimited
CompressedClassSpaceSize: 1.00 GB
Initial GC threshold: 21.00 MB
Current GC threshold: 149.94 MB
CDS: off
MetaspaceReclaimPolicy: balanced
 - commit_granule_bytes: 65536.
 - commit_granule_words: 8192.
 - virtual_space_node_default_size: 1048576.
 - enlarge_chunks_in_place: 1.
 - new_chunks_are_fully_committed: 0.
 - uncommit_free_chunks: 1.
 - use_allocation_guard: 0.
 - handle_deallocations: 1.


Internal statistics:

num_allocs_failed_limit: 9.
num_arena_births: 1054.
num_arena_deaths: 14.
num_vsnodes_births: 12.
num_vsnodes_deaths: 0.
num_space_committed: 1441.
num_space_uncommitted: 0.
num_chunks_returned_to_freelist: 23.
num_chunks_taken_from_freelist: 4864.
num_chunk_merges: 13.
num_chunk_splits: 3001.
num_chunks_enlarged: 1709.
num_purges: 2.
num_inconsistent_stats: 0.

CodeHeap 'non-profiled nmethods': size=120000Kb used=16128Kb max_used=16161Kb free=103871Kb
 bounds [0x0000020e9e4e0000, 0x0000020e9f4d0000, 0x0000020ea5a10000]
CodeHeap 'profiled nmethods': size=120000Kb used=35041Kb max_used=36950Kb free=84958Kb
 bounds [0x0000020e96fb0000, 0x0000020e993d0000, 0x0000020e9e4e0000]
CodeHeap 'non-nmethods': size=5760Kb used=1451Kb max_used=1554Kb free=4309Kb
 bounds [0x0000020e96a10000, 0x0000020e96c80000, 0x0000020e96fb0000]
 total_blobs=16795 nmethods=15985 adapters=720
 compilation: enabled
              stopped_count=0, restarted_count=0
 full_count=0

Compilation events (20 events):
Event: 10987.246 Thread 0x0000020ea7bd9ba0 nmethod 21532% 0x0000020e99121910 code [0x0000020e991221c0, 0x0000020e99126468]
Event: 10987.276 Thread 0x0000020ea7bd9ba0 21534       3       org.eclipse.jdt.core.search.IParallelizable::isParallelSearchSupported (23 bytes)
Event: 10987.276 Thread 0x0000020ea7bd9ba0 nmethod 21534 0x0000020e972cd910 code [0x0000020e972cdae0, 0x0000020e972cdf48]
Event: 10987.459 Thread 0x0000020ea7bd6a80 nmethod 21533 0x0000020e9f37b690 code [0x0000020e9f37b900, 0x0000020e9f37cfd0]
Event: 10987.466 Thread 0x0000020ea7bd9ba0 21535       3       org.eclipse.jdt.internal.core.index.EntryResult::getDocumentNames (238 bytes)
Event: 10987.482 Thread 0x0000020ea7bd6a80 21537       4       java.util.concurrent.ForkJoinPool$WorkQueue::getSlot (9 bytes)
Event: 10987.487 Thread 0x0000020ea7bd9ba0 nmethod 21535 0x0000020e98688390 code [0x0000020e98688620, 0x0000020e986894d8]
Event: 10987.487 Thread 0x0000020ea7bd9ba0 21536       3       java.util.concurrent.ForkJoinPool::helpJoin (449 bytes)
Event: 10987.583 Thread 0x0000020ea7bd9ba0 nmethod 21536 0x0000020e9712e910 code [0x0000020e9712ec60, 0x0000020e971308a8]
Event: 10987.583 Thread 0x0000020ea7bd9ba0 21538       3       org.eclipse.jdt.internal.codeassist.SelectionEngine::acceptType (731 bytes)
Event: 10987.587 Thread 0x0000020ea7bd6a80 nmethod 21537 0x0000020e9f319e10 code [0x0000020e9f319f80, 0x0000020e9f31a018]
Event: 10987.588 Thread 0x0000020ea7bd6a80 21540       4       lombok.eclipse.agent.PatchDelegatePortal::addGeneratedDelegateMethods (26 bytes)
Event: 10987.589 Thread 0x0000020ea7bd9ba0 nmethod 21538 0x0000020e9895f590 code [0x0000020e9895f980, 0x0000020e989626f8]
Event: 10987.725 Thread 0x0000020ea7bd6a80 nmethod 21540 0x0000020e9f32b190 code [0x0000020e9f32b3c0, 0x0000020e9f32b770]
Event: 10987.725 Thread 0x0000020ea7bd6a80 21541 %     4       java.util.concurrent.ForkJoinPool$WorkQueue::tryRemove @ 130 (190 bytes)
Event: 10987.802 Thread 0x0000020ea7bd9ba0 21542       3       org.eclipse.jdt.internal.core.Region::<init> (16 bytes)
Event: 10987.803 Thread 0x0000020ea7bd9ba0 nmethod 21542 0x0000020e98153b90 code [0x0000020e98153d40, 0x0000020e98154058]
Event: 10987.835 Thread 0x0000020ea7bd6a80 nmethod 21541% 0x0000020e9f32a990 code [0x0000020e9f32ab20, 0x0000020e9f32add8]
Event: 10987.843 Thread 0x0000020ea7bd9ba0 21543       1       org.eclipse.jdt.internal.compiler.DefaultErrorHandlingPolicies$1::ignoreAllErrors (2 bytes)
Event: 10987.843 Thread 0x0000020ea7bd9ba0 nmethod 21543 0x0000020e9e80ce10 code [0x0000020e9e80cfa0, 0x0000020e9e80d078]

GC Heap History (20 events):
Event: 473.931 GC heap after
{Heap after GC invocations=1425 (full 45):
 PSYoungGen      total 13312K, used 282K [0x00000000eab00000, 0x00000000eba00000, 0x0000000100000000)
  eden space 11776K, 0% used [0x00000000eab00000,0x00000000eab00000,0x00000000eb680000)
  from space 1536K, 18% used [0x00000000eb780000,0x00000000eb7c6900,0x00000000eb900000)
  to   space 1024K, 0% used [0x00000000eb680000,0x00000000eb680000,0x00000000eb780000)
 ParOldGen       total 279552K, used 266129K [0x00000000c0000000, 0x00000000d1100000, 0x00000000eab00000)
  object space 279552K, 95% used [0x00000000c0000000,0x00000000d03e4798,0x00000000d1100000)
 Metaspace       used 90896K, committed 92224K, reserved 1138688K
  class space    used 9210K, committed 9792K, reserved 1048576K
}
Event: 474.690 GC heap before
{Heap before GC invocations=1426 (full 45):
 PSYoungGen      total 13312K, used 12058K [0x00000000eab00000, 0x00000000eba00000, 0x0000000100000000)
  eden space 11776K, 100% used [0x00000000eab00000,0x00000000eb680000,0x00000000eb680000)
  from space 1536K, 18% used [0x00000000eb780000,0x00000000eb7c6900,0x00000000eb900000)
  to   space 1024K, 0% used [0x00000000eb680000,0x00000000eb680000,0x00000000eb780000)
 ParOldGen       total 279552K, used 266129K [0x00000000c0000000, 0x00000000d1100000, 0x00000000eab00000)
  object space 279552K, 95% used [0x00000000c0000000,0x00000000d03e4798,0x00000000d1100000)
 Metaspace       used 90897K, committed 92224K, reserved 1138688K
  class space    used 9210K, committed 9792K, reserved 1048576K
}
Event: 474.694 GC heap after
{Heap after GC invocations=1426 (full 45):
 PSYoungGen      total 12800K, used 1022K [0x00000000eab00000, 0x00000000ebe80000, 0x0000000100000000)
  eden space 11776K, 0% used [0x00000000eab00000,0x00000000eab00000,0x00000000eb680000)
  from space 1024K, 99% used [0x00000000eb680000,0x00000000eb77f920,0x00000000eb780000)
  to   space 4096K, 0% used [0x00000000eba80000,0x00000000eba80000,0x00000000ebe80000)
 ParOldGen       total 279552K, used 268610K [0x00000000c0000000, 0x00000000d1100000, 0x00000000eab00000)
  object space 279552K, 96% used [0x00000000c0000000,0x00000000d0650a10,0x00000000d1100000)
 Metaspace       used 90897K, committed 92224K, reserved 1138688K
  class space    used 9210K, committed 9792K, reserved 1048576K
}
Event: 474.715 GC heap before
{Heap before GC invocations=1427 (full 45):
 PSYoungGen      total 12800K, used 12798K [0x00000000eab00000, 0x00000000ebe80000, 0x0000000100000000)
  eden space 11776K, 100% used [0x00000000eab00000,0x00000000eb680000,0x00000000eb680000)
  from space 1024K, 99% used [0x00000000eb680000,0x00000000eb77f920,0x00000000eb780000)
  to   space 4096K, 0% used [0x00000000eba80000,0x00000000eba80000,0x00000000ebe80000)
 ParOldGen       total 279552K, used 268610K [0x00000000c0000000, 0x00000000d1100000, 0x00000000eab00000)
  object space 279552K, 96% used [0x00000000c0000000,0x00000000d0650a10,0x00000000d1100000)
 Metaspace       used 90897K, committed 92224K, reserved 1138688K
  class space    used 9210K, committed 9792K, reserved 1048576K
}
Event: 474.719 GC heap after
{Heap after GC invocations=1427 (full 45):
 PSYoungGen      total 13312K, used 1428K [0x00000000eab00000, 0x00000000ebc00000, 0x0000000100000000)
  eden space 11776K, 0% used [0x00000000eab00000,0x00000000eab00000,0x00000000eb680000)
  from space 1536K, 93% used [0x00000000eba80000,0x00000000ebbe5200,0x00000000ebc00000)
  to   space 2560K, 0% used [0x00000000eb700000,0x00000000eb700000,0x00000000eb980000)
 ParOldGen       total 279552K, used 269018K [0x00000000c0000000, 0x00000000d1100000, 0x00000000eab00000)
  object space 279552K, 96% used [0x00000000c0000000,0x00000000d06b6a10,0x00000000d1100000)
 Metaspace       used 90897K, committed 92224K, reserved 1138688K
  class space    used 9210K, committed 9792K, reserved 1048576K
}
Event: 474.731 GC heap before
{Heap before GC invocations=1428 (full 45):
 PSYoungGen      total 13312K, used 13204K [0x00000000eab00000, 0x00000000ebc00000, 0x0000000100000000)
  eden space 11776K, 100% used [0x00000000eab00000,0x00000000eb680000,0x00000000eb680000)
  from space 1536K, 93% used [0x00000000eba80000,0x00000000ebbe5200,0x00000000ebc00000)
  to   space 2560K, 0% used [0x00000000eb700000,0x00000000eb700000,0x00000000eb980000)
 ParOldGen       total 279552K, used 269018K [0x00000000c0000000, 0x00000000d1100000, 0x00000000eab00000)
  object space 279552K, 96% used [0x00000000c0000000,0x00000000d06b6a10,0x00000000d1100000)
 Metaspace       used 90897K, committed 92224K, reserved 1138688K
  class space    used 9210K, committed 9792K, reserved 1048576K
}
Event: 474.735 GC heap after
{Heap after GC invocations=1428 (full 45):
 PSYoungGen      total 14848K, used 720K [0x00000000eab00000, 0x00000000ebb80000, 0x0000000100000000)
  eden space 12288K, 0% used [0x00000000eab00000,0x00000000eab00000,0x00000000eb700000)
  from space 2560K, 28% used [0x00000000eb700000,0x00000000eb7b4030,0x00000000eb980000)
  to   space 1536K, 0% used [0x00000000eba00000,0x00000000eba00000,0x00000000ebb80000)
 ParOldGen       total 279552K, used 270351K [0x00000000c0000000, 0x00000000d1100000, 0x00000000eab00000)
  object space 279552K, 96% used [0x00000000c0000000,0x00000000d0803c10,0x00000000d1100000)
 Metaspace       used 90897K, committed 92224K, reserved 1138688K
  class space    used 9210K, committed 9792K, reserved 1048576K
}
Event: 477.883 GC heap before
{Heap before GC invocations=1429 (full 45):
 PSYoungGen      total 14848K, used 13008K [0x00000000eab00000, 0x00000000ebb80000, 0x0000000100000000)
  eden space 12288K, 100% used [0x00000000eab00000,0x00000000eb700000,0x00000000eb700000)
  from space 2560K, 28% used [0x00000000eb700000,0x00000000eb7b4030,0x00000000eb980000)
  to   space 1536K, 0% used [0x00000000eba00000,0x00000000eba00000,0x00000000ebb80000)
 ParOldGen       total 279552K, used 270351K [0x00000000c0000000, 0x00000000d1100000, 0x00000000eab00000)
  object space 279552K, 96% used [0x00000000c0000000,0x00000000d0803c10,0x00000000d1100000)
 Metaspace       used 90897K, committed 92224K, reserved 1138688K
  class space    used 9210K, committed 9792K, reserved 1048576K
}
Event: 477.885 GC heap after
{Heap after GC invocations=1429 (full 45):
 PSYoungGen      total 13312K, used 916K [0x00000000eab00000, 0x00000000ebb00000, 0x0000000100000000)
  eden space 12288K, 0% used [0x00000000eab00000,0x00000000eab00000,0x00000000eb700000)
  from space 1024K, 89% used [0x00000000eba00000,0x00000000ebae5220,0x00000000ebb00000)
  to   space 1024K, 0% used [0x00000000eb900000,0x00000000eb900000,0x00000000eba00000)
 ParOldGen       total 279552K, used 270967K [0x00000000c0000000, 0x00000000d1100000, 0x00000000eab00000)
  object space 279552K, 96% used [0x00000000c0000000,0x00000000d089dc50,0x00000000d1100000)
 Metaspace       used 90897K, committed 92224K, reserved 1138688K
  class space    used 9210K, committed 9792K, reserved 1048576K
}
Event: 10972.346 GC heap before
{Heap before GC invocations=1430 (full 45):
 PSYoungGen      total 13312K, used 13204K [0x00000000eab00000, 0x00000000ebb00000, 0x0000000100000000)
  eden space 12288K, 100% used [0x00000000eab00000,0x00000000eb700000,0x00000000eb700000)
  from space 1024K, 89% used [0x00000000eba00000,0x00000000ebae5220,0x00000000ebb00000)
  to   space 1024K, 0% used [0x00000000eb900000,0x00000000eb900000,0x00000000eba00000)
 ParOldGen       total 279552K, used 270967K [0x00000000c0000000, 0x00000000d1100000, 0x00000000eab00000)
  object space 279552K, 96% used [0x00000000c0000000,0x00000000d089dc50,0x00000000d1100000)
 Metaspace       used 90918K, committed 92224K, reserved 1138688K
  class space    used 9210K, committed 9792K, reserved 1048576K
}
Event: 10976.444 GC heap after
{Heap after GC invocations=1430 (full 45):
 PSYoungGen      total 13312K, used 681K [0x00000000eab00000, 0x00000000eba80000, 0x0000000100000000)
  eden space 12288K, 0% used [0x00000000eab00000,0x00000000eab00000,0x00000000eb700000)
  from space 1024K, 66% used [0x00000000eb900000,0x00000000eb9aa420,0x00000000eba00000)
  to   space 512K, 0% used [0x00000000eba00000,0x00000000eba00000,0x00000000eba80000)
 ParOldGen       total 279552K, used 271861K [0x00000000c0000000, 0x00000000d1100000, 0x00000000eab00000)
  object space 279552K, 97% used [0x00000000c0000000,0x00000000d097d7a8,0x00000000d1100000)
 Metaspace       used 90918K, committed 92224K, reserved 1138688K
  class space    used 9210K, committed 9792K, reserved 1048576K
}
Event: 10983.978 GC heap before
{Heap before GC invocations=1431 (full 45):
 PSYoungGen      total 13312K, used 12969K [0x00000000eab00000, 0x00000000eba80000, 0x0000000100000000)
  eden space 12288K, 100% used [0x00000000eab00000,0x00000000eb700000,0x00000000eb700000)
  from space 1024K, 66% used [0x00000000eb900000,0x00000000eb9aa420,0x00000000eba00000)
  to   space 512K, 0% used [0x00000000eba00000,0x00000000eba00000,0x00000000eba80000)
 ParOldGen       total 279552K, used 271861K [0x00000000c0000000, 0x00000000d1100000, 0x00000000eab00000)
  object space 279552K, 97% used [0x00000000c0000000,0x00000000d097d7a8,0x00000000d1100000)
 Metaspace       used 90935K, committed 92224K, reserved 1138688K
  class space    used 9211K, committed 9792K, reserved 1048576K
}
Event: 10984.046 GC heap after
{Heap after GC invocations=1431 (full 45):
 PSYoungGen      total 12800K, used 496K [0x00000000eab00000, 0x00000000eba80000, 0x0000000100000000)
  eden space 12288K, 0% used [0x00000000eab00000,0x00000000eab00000,0x00000000eb700000)
  from space 512K, 96% used [0x00000000eba00000,0x00000000eba7c010,0x00000000eba80000)
  to   space 1536K, 0% used [0x00000000eb780000,0x00000000eb780000,0x00000000eb900000)
 ParOldGen       total 279552K, used 272579K [0x00000000c0000000, 0x00000000d1100000, 0x00000000eab00000)
  object space 279552K, 97% used [0x00000000c0000000,0x00000000d0a30e20,0x00000000d1100000)
 Metaspace       used 90935K, committed 92224K, reserved 1138688K
  class space    used 9211K, committed 9792K, reserved 1048576K
}
Event: 10986.972 GC heap before
{Heap before GC invocations=1432 (full 45):
 PSYoungGen      total 12800K, used 12784K [0x00000000eab00000, 0x00000000eba80000, 0x0000000100000000)
  eden space 12288K, 100% used [0x00000000eab00000,0x00000000eb700000,0x00000000eb700000)
  from space 512K, 96% used [0x00000000eba00000,0x00000000eba7c010,0x00000000eba80000)
  to   space 1536K, 0% used [0x00000000eb780000,0x00000000eb780000,0x00000000eb900000)
 ParOldGen       total 279552K, used 272579K [0x00000000c0000000, 0x00000000d1100000, 0x00000000eab00000)
  object space 279552K, 97% used [0x00000000c0000000,0x00000000d0a30e20,0x00000000d1100000)
 Metaspace       used 90940K, committed 92224K, reserved 1138688K
  class space    used 9211K, committed 9792K, reserved 1048576K
}
Event: 10987.007 GC heap after
{Heap after GC invocations=1432 (full 45):
 PSYoungGen      total 13824K, used 1443K [0x00000000eab00000, 0x00000000eba80000, 0x0000000100000000)
  eden space 12288K, 0% used [0x00000000eab00000,0x00000000eab00000,0x00000000eb700000)
  from space 1536K, 93% used [0x00000000eb780000,0x00000000eb8e8d20,0x00000000eb900000)
  to   space 1536K, 0% used [0x00000000eb900000,0x00000000eb900000,0x00000000eba80000)
 ParOldGen       total 279552K, used 273019K [0x00000000c0000000, 0x00000000d1100000, 0x00000000eab00000)
  object space 279552K, 97% used [0x00000000c0000000,0x00000000d0a9ee40,0x00000000d1100000)
 Metaspace       used 90940K, committed 92224K, reserved 1138688K
  class space    used 9211K, committed 9792K, reserved 1048576K
}
Event: 10987.666 GC heap before
{Heap before GC invocations=1433 (full 45):
 PSYoungGen      total 13824K, used 13470K [0x00000000eab00000, 0x00000000eba80000, 0x0000000100000000)
  eden space 12288K, 97% used [0x00000000eab00000,0x00000000eb6bebe0,0x00000000eb700000)
  from space 1536K, 93% used [0x00000000eb780000,0x00000000eb8e8d20,0x00000000eb900000)
  to   space 1536K, 0% used [0x00000000eb900000,0x00000000eb900000,0x00000000eba80000)
 ParOldGen       total 279552K, used 273019K [0x00000000c0000000, 0x00000000d1100000, 0x00000000eab00000)
  object space 279552K, 97% used [0x00000000c0000000,0x00000000d0a9ee40,0x00000000d1100000)
 Metaspace       used 90948K, committed 92224K, reserved 1138688K
  class space    used 9211K, committed 9792K, reserved 1048576K
}
Event: 10987.694 GC heap after
{Heap after GC invocations=1433 (full 45):
 PSYoungGen      total 13824K, used 1330K [0x00000000eab00000, 0x00000000eba80000, 0x0000000100000000)
  eden space 12288K, 0% used [0x00000000eab00000,0x00000000eab00000,0x00000000eb700000)
  from space 1536K, 86% used [0x00000000eb900000,0x00000000eba4cb20,0x00000000eba80000)
  to   space 1536K, 0% used [0x00000000eb780000,0x00000000eb780000,0x00000000eb900000)
 ParOldGen       total 279552K, used 274380K [0x00000000c0000000, 0x00000000d1100000, 0x00000000eab00000)
  object space 279552K, 98% used [0x00000000c0000000,0x00000000d0bf33a0,0x00000000d1100000)
 Metaspace       used 90948K, committed 92224K, reserved 1138688K
  class space    used 9211K, committed 9792K, reserved 1048576K
}
Event: 10987.868 GC heap before
{Heap before GC invocations=1434 (full 45):
 PSYoungGen      total 13824K, used 13618K [0x00000000eab00000, 0x00000000eba80000, 0x0000000100000000)
  eden space 12288K, 100% used [0x00000000eab00000,0x00000000eb700000,0x00000000eb700000)
  from space 1536K, 86% used [0x00000000eb900000,0x00000000eba4cb20,0x00000000eba80000)
  to   space 1536K, 0% used [0x00000000eb780000,0x00000000eb780000,0x00000000eb900000)
 ParOldGen       total 279552K, used 274380K [0x00000000c0000000, 0x00000000d1100000, 0x00000000eab00000)
  object space 279552K, 98% used [0x00000000c0000000,0x00000000d0bf33a0,0x00000000d1100000)
 Metaspace       used 90948K, committed 92224K, reserved 1138688K
  class space    used 9211K, committed 9792K, reserved 1048576K
}
Event: 10987.894 GC heap after
{Heap after GC invocations=1434 (full 45):
 PSYoungGen      total 13824K, used 1534K [0x00000000eab00000, 0x00000000ecf00000, 0x0000000100000000)
  eden space 12288K, 0% used [0x00000000eab00000,0x00000000eab00000,0x00000000eb700000)
  from space 1536K, 99% used [0x00000000eb780000,0x00000000eb8ff920,0x00000000eb900000)
  to   space 12288K, 0% used [0x00000000ec300000,0x00000000ec300000,0x00000000ecf00000)
 ParOldGen       total 283648K, used 283459K [0x00000000c0000000, 0x00000000d1500000, 0x00000000eab00000)
  object space 283648K, 99% used [0x00000000c0000000,0x00000000d14d0cc0,0x00000000d1500000)
 Metaspace       used 90948K, committed 92224K, reserved 1138688K
  class space    used 9211K, committed 9792K, reserved 1048576K
}
Event: 10987.895 GC heap before
{Heap before GC invocations=1435 (full 46):
 PSYoungGen      total 13824K, used 1534K [0x00000000eab00000, 0x00000000ecf00000, 0x0000000100000000)
  eden space 12288K, 0% used [0x00000000eab00000,0x00000000eab00000,0x00000000eb700000)
  from space 1536K, 99% used [0x00000000eb780000,0x00000000eb8ff920,0x00000000eb900000)
  to   space 12288K, 0% used [0x00000000ec300000,0x00000000ec300000,0x00000000ecf00000)
 ParOldGen       total 283648K, used 283459K [0x00000000c0000000, 0x00000000d1500000, 0x00000000eab00000)
  object space 283648K, 99% used [0x00000000c0000000,0x00000000d14d0cc0,0x00000000d1500000)
 Metaspace       used 90948K, committed 92224K, reserved 1138688K
  class space    used 9211K, committed 9792K, reserved 1048576K
}

Deoptimization events (20 events):
Event: 10987.085 Thread 0x0000020eab57bb60 DEOPT PACKING pc=0x0000020e9efd0764 sp=0x0000008ede4fe4d0
Event: 10987.104 Thread 0x0000020eab57bb60 DEOPT UNPACKING pc=0x0000020e96a620a3 sp=0x0000008ede4fe448 mode 2
Event: 10987.104 Thread 0x0000020eab57bb60 Uncommon trap: trap_request=0xffffffde fr.pc=0x0000020e9ef358b0 relative=0x0000000000000370
Event: 10987.104 Thread 0x0000020eab57bb60 Uncommon trap: reason=class_check action=maybe_recompile pc=0x0000020e9ef358b0 method=org.eclipse.jdt.internal.compiler.parser.Parser.checkComment()V @ 236 c2
Event: 10987.104 Thread 0x0000020eab57bb60 DEOPT PACKING pc=0x0000020e9ef358b0 sp=0x0000008ede4fe560
Event: 10987.104 Thread 0x0000020eab57bb60 DEOPT UNPACKING pc=0x0000020e96a620a3 sp=0x0000008ede4fe4d8 mode 2
Event: 10987.185 Thread 0x0000020eab57bb60 DEOPT PACKING pc=0x0000020e98fd9ad9 sp=0x0000008ede4fe330
Event: 10987.185 Thread 0x0000020eab57bb60 DEOPT UNPACKING pc=0x0000020e96a62843 sp=0x0000008ede4fd7e8 mode 0
Event: 10987.204 Thread 0x0000020eab57f050 Uncommon trap: trap_request=0xffffffde fr.pc=0x0000020e9efd0764 relative=0x0000000000002e84
Event: 10987.204 Thread 0x0000020eab57f050 Uncommon trap: reason=class_check action=maybe_recompile pc=0x0000020e9efd0764 method=org.eclipse.jdt.internal.compiler.parser.Scanner.getNextToken0()I @ 2064 c2
Event: 10987.204 Thread 0x0000020eab57f050 DEOPT PACKING pc=0x0000020e9efd0764 sp=0x0000008ede9fe5f0
Event: 10987.204 Thread 0x0000020eab57f050 DEOPT UNPACKING pc=0x0000020e96a620a3 sp=0x0000008ede9fe568 mode 2
Event: 10987.204 Thread 0x0000020eab57f050 Uncommon trap: trap_request=0xffffffde fr.pc=0x0000020e9ef358b0 relative=0x0000000000000370
Event: 10987.204 Thread 0x0000020eab57f050 Uncommon trap: reason=class_check action=maybe_recompile pc=0x0000020e9ef358b0 method=org.eclipse.jdt.internal.compiler.parser.Parser.checkComment()V @ 236 c2
Event: 10987.204 Thread 0x0000020eab57f050 DEOPT PACKING pc=0x0000020e9ef358b0 sp=0x0000008ede9fe680
Event: 10987.204 Thread 0x0000020eab57f050 DEOPT UNPACKING pc=0x0000020e96a620a3 sp=0x0000008ede9fe5f8 mode 2
Event: 10987.400 Thread 0x0000020eab57b690 Uncommon trap: trap_request=0xffffffde fr.pc=0x0000020e9efe52f4 relative=0x00000000000001b4
Event: 10987.400 Thread 0x0000020eab57b690 Uncommon trap: reason=class_check action=maybe_recompile pc=0x0000020e9efe52f4 method=org.eclipse.jdt.internal.compiler.ast.IfStatement.traverse(Lorg/eclipse/jdt/internal/compiler/ASTVisitor;Lorg/eclipse/jdt/internal/compiler/lookup/BlockScope;)V @ 3 c2
Event: 10987.400 Thread 0x0000020eab57b690 DEOPT PACKING pc=0x0000020e9efe52f4 sp=0x0000008ede8fd850
Event: 10987.423 Thread 0x0000020eab57b690 DEOPT UNPACKING pc=0x0000020e96a620a3 sp=0x0000008ede8fd820 mode 2

Classes unloaded (20 events):
Event: 10990.944 Thread 0x0000020e91bbe8c0 Unloading class 0x0000000100275400 'jdk/internal/reflect/GeneratedSerializationConstructorAccessor5'
Event: 10990.944 Thread 0x0000020e91bbe8c0 Unloading class 0x0000000100275000 'jdk/internal/reflect/GeneratedSerializationConstructorAccessor4'
Event: 10990.944 Thread 0x0000020e91bbe8c0 Unloading class 0x0000000100274c00 'jdk/internal/reflect/GeneratedSerializationConstructorAccessor3'
Event: 10990.944 Thread 0x0000020e91bbe8c0 Unloading class 0x0000000100274800 'jdk/internal/reflect/GeneratedSerializationConstructorAccessor2'
Event: 10990.944 Thread 0x0000020e91bbe8c0 Unloading class 0x0000000100274400 'jdk/internal/reflect/GeneratedSerializationConstructorAccessor1'
Event: 10990.950 Thread 0x0000020e91bbe8c0 Unloading class 0x0000000100215c00 'java/lang/invoke/LambdaForm$MH+0x0000000100215c00'
Event: 10990.964 Thread 0x0000020e91bbe8c0 Unloading class 0x00000001001d3000 'jdk/internal/reflect/GeneratedConstructorAccessor4'
Event: 10990.972 Thread 0x0000020e91bbe8c0 Unloading class 0x00000001001a2800 'java/lang/invoke/LambdaForm$MH+0x00000001001a2800'
Event: 10990.972 Thread 0x0000020e91bbe8c0 Unloading class 0x00000001001a2000 'java/lang/invoke/LambdaForm$MH+0x00000001001a2000'
Event: 10990.973 Thread 0x0000020e91bbe8c0 Unloading class 0x00000001001a1c00 'java/lang/invoke/LambdaForm$MH+0x00000001001a1c00'
Event: 10990.973 Thread 0x0000020e91bbe8c0 Unloading class 0x00000001001a1800 'java/lang/invoke/LambdaForm$MH+0x00000001001a1800'
Event: 10990.973 Thread 0x0000020e91bbe8c0 Unloading class 0x00000001001a1000 'java/lang/invoke/LambdaForm$MH+0x00000001001a1000'
Event: 10990.973 Thread 0x0000020e91bbe8c0 Unloading class 0x00000001001a0c00 'java/lang/invoke/LambdaForm$MH+0x00000001001a0c00'
Event: 10990.973 Thread 0x0000020e91bbe8c0 Unloading class 0x00000001001a0800 'java/lang/invoke/LambdaForm$MH+0x00000001001a0800'
Event: 10990.973 Thread 0x0000020e91bbe8c0 Unloading class 0x00000001001a0000 'java/lang/invoke/LambdaForm$MH+0x00000001001a0000'
Event: 10990.985 Thread 0x0000020e91bbe8c0 Unloading class 0x0000000100129000 'jdk/internal/reflect/GeneratedMethodAccessor5'
Event: 10990.985 Thread 0x0000020e91bbe8c0 Unloading class 0x0000000100128c00 'jdk/internal/reflect/GeneratedMethodAccessor4'
Event: 10990.985 Thread 0x0000020e91bbe8c0 Unloading class 0x0000000100128800 'jdk/internal/reflect/GeneratedMethodAccessor3'
Event: 10990.989 Thread 0x0000020e91bbe8c0 Unloading class 0x0000000100128400 'jdk/internal/reflect/GeneratedMethodAccessor2'
Event: 10990.989 Thread 0x0000020e91bbe8c0 Unloading class 0x0000000100128000 'jdk/internal/reflect/GeneratedMethodAccessor1'

Classes redefined (0 events):
No events

Internal exceptions (20 events):
Event: 473.342 Thread 0x0000020eab4a8cb0 Implicit null exception at 0x0000020e9865cabf to 0x0000020e9866194a
Event: 473.342 Thread 0x0000020eab4a8cb0 Exception <a 'java/lang/NullPointerException'{0x00000000eafadb50}> (0x00000000eafadb50) 
thrown [s\src\hotspot\share\runtime\sharedRuntime.cpp, line 628]
Event: 473.342 Thread 0x0000020eab4a8cb0 Implicit null exception at 0x0000020e9865cabf to 0x0000020e9866194a
Event: 473.342 Thread 0x0000020eab4a8cb0 Exception <a 'java/lang/NullPointerException'{0x00000000eafae0d0}> (0x00000000eafae0d0) 
thrown [s\src\hotspot\share\runtime\sharedRuntime.cpp, line 628]
Event: 473.342 Thread 0x0000020eab4a8cb0 Implicit null exception at 0x0000020e9865cabf to 0x0000020e9866194a
Event: 473.342 Thread 0x0000020eab4a8cb0 Exception <a 'java/lang/NullPointerException'{0x00000000eafae650}> (0x00000000eafae650) 
thrown [s\src\hotspot\share\runtime\sharedRuntime.cpp, line 628]
Event: 473.357 Thread 0x0000020eab4a8cb0 Implicit null exception at 0x0000020e9865cabf to 0x0000020e9866194a
Event: 473.357 Thread 0x0000020eab4a8cb0 Exception <a 'java/lang/NullPointerException'{0x00000000eb0774f8}> (0x00000000eb0774f8) 
thrown [s\src\hotspot\share\runtime\sharedRuntime.cpp, line 628]
Event: 473.357 Thread 0x0000020eab4a8cb0 Implicit null exception at 0x0000020e9865cabf to 0x0000020e9866194a
Event: 473.357 Thread 0x0000020eab4a8cb0 Exception <a 'java/lang/NullPointerException'{0x00000000eb077a78}> (0x00000000eb077a78) 
thrown [s\src\hotspot\share\runtime\sharedRuntime.cpp, line 628]
Event: 473.357 Thread 0x0000020eab4a8cb0 Implicit null exception at 0x0000020e9865cabf to 0x0000020e9866194a
Event: 473.357 Thread 0x0000020eab4a8cb0 Exception <a 'java/lang/NullPointerException'{0x00000000eb077ff8}> (0x00000000eb077ff8) 
thrown [s\src\hotspot\share\runtime\sharedRuntime.cpp, line 628]
Event: 473.357 Thread 0x0000020eab4a8cb0 Implicit null exception at 0x0000020e9865cabf to 0x0000020e9866194a
Event: 473.357 Thread 0x0000020eab4a8cb0 Exception <a 'java/lang/NullPointerException'{0x00000000eb078958}> (0x00000000eb078958) 
thrown [s\src\hotspot\share\runtime\sharedRuntime.cpp, line 628]
Event: 473.357 Thread 0x0000020eab4a8cb0 Implicit null exception at 0x0000020e9865cabf to 0x0000020e9866194a
Event: 473.357 Thread 0x0000020eab4a8cb0 Exception <a 'java/lang/NullPointerException'{0x00000000eb078ed8}> (0x00000000eb078ed8) 
thrown [s\src\hotspot\share\runtime\sharedRuntime.cpp, line 628]
Event: 473.357 Thread 0x0000020eab4a8cb0 Implicit null exception at 0x0000020e9865cabf to 0x0000020e9866194a
Event: 473.357 Thread 0x0000020eab4a8cb0 Exception <a 'java/lang/NullPointerException'{0x00000000eb079458}> (0x00000000eb079458) 
thrown [s\src\hotspot\share\runtime\sharedRuntime.cpp, line 628]
Event: 473.527 Thread 0x0000020eaac3d600 Exception <a 'sun/nio/fs/WindowsException'{0x00000000eb15de00}> (0x00000000eb15de00) 
thrown [s\src\hotspot\share\prims\jni.cpp, line 516]
Event: 10976.822 Thread 0x0000020eaac3af80 Exception <a 'java/lang/reflect/InvocationTargetException'{0x00000000eabc28e8}> (0x00000000eabc28e8) 
thrown [s\src\hotspot\share\runtime\reflection.cpp, line 1121]

VM Operations (20 events):
Event: 10976.444 Executing VM operation: ParallelGCFailedAllocation done
Event: 10977.449 Executing VM operation: Cleanup
Event: 10977.480 Executing VM operation: Cleanup done
Event: 10978.482 Executing VM operation: Cleanup
Event: 10978.528 Executing VM operation: Cleanup done
Event: 10980.547 Executing VM operation: Cleanup
Event: 10980.702 Executing VM operation: Cleanup done
Event: 10981.709 Executing VM operation: Cleanup
Event: 10981.818 Executing VM operation: Cleanup done
Event: 10983.822 Executing VM operation: Cleanup
Event: 10983.838 Executing VM operation: Cleanup done
Event: 10983.951 Executing VM operation: ParallelGCFailedAllocation
Event: 10984.046 Executing VM operation: ParallelGCFailedAllocation done
Event: 10985.053 Executing VM operation: Cleanup
Event: 10985.053 Executing VM operation: Cleanup done
Event: 10986.929 Executing VM operation: ParallelGCFailedAllocation
Event: 10987.007 Executing VM operation: ParallelGCFailedAllocation done
Event: 10987.647 Executing VM operation: ParallelGCFailedAllocation
Event: 10987.695 Executing VM operation: ParallelGCFailedAllocation done
Event: 10987.855 Executing VM operation: ParallelGCFailedAllocation

Events (20 events):
Event: 663.496 Thread 0x0000020eab579e80 Thread added: 0x0000020eab579e80
Event: 663.503 Thread 0x0000020ebb4f0350 Thread added: 0x0000020ebb4f0350
Event: 663.511 Thread 0x0000020eab579e80 Thread exited: 0x0000020eab579e80
Event: 663.512 Thread 0x0000020eab579010 Thread exited: 0x0000020eab579010
Event: 663.512 Thread 0x0000020eab57e1e0 Thread exited: 0x0000020eab57e1e0
Event: 668.525 Thread 0x0000020ebb4f0350 Thread exited: 0x0000020ebb4f0350
Event: 702.228 Thread 0x0000020eaac3a110 Thread exited: 0x0000020eaac3a110
Event: 9776.428 Thread 0x0000020eab57d840 Thread added: 0x0000020eab57d840
Event: 9777.196 Thread 0x0000020eab57f520 Thread added: 0x0000020eab57f520
Event: 9780.585 Thread 0x0000020eab5799b0 Thread added: 0x0000020eab5799b0
Event: 9844.619 Thread 0x0000020eab5799b0 Thread exited: 0x0000020eab5799b0
Event: 9904.629 Thread 0x0000020eab57d840 Thread exited: 0x0000020eab57d840
Event: 9964.638 Thread 0x0000020eab57f520 Thread exited: 0x0000020eab57f520
Event: 10954.261 Thread 0x0000020eab578b40 Thread added: 0x0000020eab578b40
Event: 10955.001 Thread 0x0000020eab57bb60 Thread added: 0x0000020eab57bb60
Event: 10970.383 Thread 0x0000020eab57b690 Thread added: 0x0000020eab57b690
Event: 10970.729 Thread 0x0000020eab57f050 Thread added: 0x0000020eab57f050
Event: 10976.780 Thread 0x0000020eab579010 Thread added: 0x0000020eab579010
Event: 10981.738 loading class java/lang/Throwable$WrappedPrintWriter
Event: 10982.538 loading class java/lang/Throwable$WrappedPrintWriter done


Dynamic libraries:
0x00007ff748d00000 - 0x00007ff748d0e000 	c:\Users\baokh\.vscode\extensions\redhat.java-1.10.0-win32-x64\jre\17.0.4-win32-x86_64\bin\java.exe
0x00007ff91bf90000 - 0x00007ff91c188000 	C:\WINDOWS\SYSTEM32\ntdll.dll
0x00007ff91b360000 - 0x00007ff91b41d000 	C:\WINDOWS\System32\KERNEL32.DLL
0x00007ff919c60000 - 0x00007ff919f2e000 	C:\WINDOWS\System32\KERNELBASE.dll
0x00007ff919a20000 - 0x00007ff919b20000 	C:\WINDOWS\System32\ucrtbase.dll
0x00007ff9035f0000 - 0x00007ff903608000 	c:\Users\baokh\.vscode\extensions\redhat.java-1.10.0-win32-x64\jre\17.0.4-win32-x86_64\bin\jli.dll
0x00007ff91bdb0000 - 0x00007ff91bf50000 	C:\WINDOWS\System32\USER32.dll
0x00007ff919740000 - 0x00007ff919762000 	C:\WINDOWS\System32\win32u.dll
0x00007ff91b670000 - 0x00007ff91b69a000 	C:\WINDOWS\System32\GDI32.dll
0x00007ff919b20000 - 0x00007ff919c2b000 	C:\WINDOWS\System32\gdi32full.dll
0x00007ff919770000 - 0x00007ff91980d000 	C:\WINDOWS\System32\msvcp_win.dll
0x00007ff8f5a20000 - 0x00007ff8f5a39000 	c:\Users\baokh\.vscode\extensions\redhat.java-1.10.0-win32-x64\jre\17.0.4-win32-x86_64\bin\VCRUNTIME140.dll
0x00007ff906c90000 - 0x00007ff906f2a000 	C:\WINDOWS\WinSxS\amd64_microsoft.windows.common-controls_6595b64144ccf1df_6.0.19041.1110_none_60b5254171f9507e\COMCTL32.dll
0x00007ff91b200000 - 0x00007ff91b29e000 	C:\WINDOWS\System32\msvcrt.dll
0x00007ff91bcd0000 - 0x00007ff91bd00000 	C:\WINDOWS\System32\IMM32.DLL
0x00007ff911db0000 - 0x00007ff911dbc000 	c:\Users\baokh\.vscode\extensions\redhat.java-1.10.0-win32-x64\jre\17.0.4-win32-x86_64\bin\vcruntime140_1.dll
0x00007ff8cadb0000 - 0x00007ff8cae41000 	c:\Users\baokh\.vscode\extensions\redhat.java-1.10.0-win32-x64\jre\17.0.4-win32-x86_64\bin\msvcp140.dll
0x00007ff8af0e0000 - 0x00007ff8afd26000 	c:\Users\baokh\.vscode\extensions\redhat.java-1.10.0-win32-x64\jre\17.0.4-win32-x86_64\bin\server\jvm.dll
0x00007ff91bd00000 - 0x00007ff91bdae000 	C:\WINDOWS\System32\ADVAPI32.dll
0x00007ff91b540000 - 0x00007ff91b5dc000 	C:\WINDOWS\System32\sechost.dll
0x00007ff91b990000 - 0x00007ff91bab5000 	C:\WINDOWS\System32\RPCRT4.dll
0x00007ff91b850000 - 0x00007ff91b858000 	C:\WINDOWS\System32\PSAPI.DLL
0x00007ff905100000 - 0x00007ff905109000 	C:\WINDOWS\SYSTEM32\WSOCK32.dll
0x00007ff91b5e0000 - 0x00007ff91b64b000 	C:\WINDOWS\System32\WS2_32.dll
0x00007ff912960000 - 0x00007ff912987000 	C:\WINDOWS\SYSTEM32\WINMM.dll
0x00007ff912e00000 - 0x00007ff912e0a000 	C:\WINDOWS\SYSTEM32\VERSION.dll
0x00007ff917590000 - 0x00007ff9175a2000 	C:\WINDOWS\SYSTEM32\kernel.appcore.dll
0x00007ff911860000 - 0x00007ff91186a000 	c:\Users\baokh\.vscode\extensions\redhat.java-1.10.0-win32-x64\jre\17.0.4-win32-x86_64\bin\jimage.dll
0x00007ff90e6c0000 - 0x00007ff90e8a4000 	C:\WINDOWS\SYSTEM32\DBGHELP.DLL
0x00007ff8fd3f0000 - 0x00007ff8fd41c000 	C:\WINDOWS\SYSTEM32\dbgcore.DLL
0x00007ff9196b0000 - 0x00007ff919732000 	C:\WINDOWS\System32\bcryptPrimitives.dll
0x00007ff90f190000 - 0x00007ff90f19e000 	c:\Users\baokh\.vscode\extensions\redhat.java-1.10.0-win32-x64\jre\17.0.4-win32-x86_64\bin\instrument.dll
0x00007ff8f1090000 - 0x00007ff8f10b5000 	c:\Users\baokh\.vscode\extensions\redhat.java-1.10.0-win32-x64\jre\17.0.4-win32-x86_64\bin\java.dll
0x00007ff8f57c0000 - 0x00007ff8f57d8000 	c:\Users\baokh\.vscode\extensions\redhat.java-1.10.0-win32-x64\jre\17.0.4-win32-x86_64\bin\zip.dll
0x00007ff91a690000 - 0x00007ff91add4000 	C:\WINDOWS\System32\SHELL32.dll
0x00007ff917790000 - 0x00007ff917f24000 	C:\WINDOWS\SYSTEM32\windows.storage.dll
0x00007ff91aea0000 - 0x00007ff91b1f4000 	C:\WINDOWS\System32\combase.dll
0x00007ff919030000 - 0x00007ff919060000 	C:\WINDOWS\SYSTEM32\Wldp.dll
0x00007ff91b420000 - 0x00007ff91b4cd000 	C:\WINDOWS\System32\SHCORE.dll
0x00007ff91b2a0000 - 0x00007ff91b2f5000 	C:\WINDOWS\System32\shlwapi.dll
0x00007ff9195f0000 - 0x00007ff91960f000 	C:\WINDOWS\SYSTEM32\profapi.dll
0x00007ff8efda0000 - 0x00007ff8efdb9000 	C:\Users\baokh\.vscode\extensions\redhat.java-1.10.0-win32-x64\jre\17.0.4-win32-x86_64\bin\net.dll
0x00007ff910cd0000 - 0x00007ff910dda000 	C:\WINDOWS\SYSTEM32\WINHTTP.dll
0x00007ff918e10000 - 0x00007ff918e7a000 	C:\WINDOWS\system32\mswsock.dll
0x00007ff8ec790000 - 0x00007ff8ec7a5000 	C:\Users\baokh\.vscode\extensions\redhat.java-1.10.0-win32-x64\jre\17.0.4-win32-x86_64\bin\nio.dll
0x00007ff90f170000 - 0x00007ff90f180000 	c:\Users\baokh\.vscode\extensions\redhat.java-1.10.0-win32-x64\jre\17.0.4-win32-x86_64\bin\verify.dll
0x00007ff906a70000 - 0x00007ff906aae000 	C:\Users\baokh\AppData\Roaming\Code\User\globalStorage\redhat.java\1.10.0\config_win\org.eclipse.equinox.launcher\org.eclipse.equinox.launcher.win32.win32.x86_64_1.2.500.v20220509-0833\eclipse_11700.dll
0x00007ff91bac0000 - 0x00007ff91bbea000 	C:\WINDOWS\System32\ole32.dll
0x00007ff919070000 - 0x00007ff919088000 	C:\WINDOWS\SYSTEM32\CRYPTSP.dll
0x00007ff9186e0000 - 0x00007ff918714000 	C:\WINDOWS\system32\rsaenh.dll
0x00007ff919c30000 - 0x00007ff919c57000 	C:\WINDOWS\System32\bcrypt.dll
0x00007ff9195b0000 - 0x00007ff9195de000 	C:\WINDOWS\SYSTEM32\USERENV.dll
0x00007ff918fa0000 - 0x00007ff918fac000 	C:\WINDOWS\SYSTEM32\CRYPTBASE.dll
0x00007ff918ad0000 - 0x00007ff918b0b000 	C:\WINDOWS\SYSTEM32\IPHLPAPI.DLL
0x00007ff91ae90000 - 0x00007ff91ae98000 	C:\WINDOWS\System32\NSI.dll
0x00007ff913940000 - 0x00007ff913957000 	C:\WINDOWS\SYSTEM32\dhcpcsvc6.DLL
0x00007ff913920000 - 0x00007ff91393d000 	C:\WINDOWS\SYSTEM32\dhcpcsvc.DLL
0x00007ff918b20000 - 0x00007ff918bea000 	C:\WINDOWS\SYSTEM32\DNSAPI.dll
0x00007ff8f5a40000 - 0x00007ff8f5a84000 	C:\Users\baokh\AppData\Local\Temp\jna--1829887666\jna17969432695726150284.dll
0x00007ff90e980000 - 0x00007ff90e98e000 	C:\Users\baokh\.vscode\extensions\redhat.java-1.10.0-win32-x64\jre\17.0.4-win32-x86_64\bin\sunmscapi.dll
0x00007ff919810000 - 0x00007ff919966000 	C:\WINDOWS\System32\CRYPT32.dll
0x00007ff919180000 - 0x00007ff9191a7000 	C:\WINDOWS\SYSTEM32\ncrypt.dll
0x00007ff919140000 - 0x00007ff91917b000 	C:\WINDOWS\SYSTEM32\NTASN1.dll
0x00007ff910cc0000 - 0x00007ff910cca000 	C:\Windows\System32\rasadhlp.dll
0x00007ff90f8c0000 - 0x00007ff90f940000 	C:\WINDOWS\System32\fwpuclnt.dll

dbghelp: loaded successfully - version: 4.0.5 - missing functions: none
symbol engine: initialized successfully - sym options: 0x614 - pdb path: .;c:\Users\baokh\.vscode\extensions\redhat.java-1.10.0-win32-x64\jre\17.0.4-win32-x86_64\bin;C:\WINDOWS\SYSTEM32;C:\WINDOWS\WinSxS\amd64_microsoft.windows.common-controls_6595b64144ccf1df_6.0.19041.1110_none_60b5254171f9507e;c:\Users\baokh\.vscode\extensions\redhat.java-1.10.0-win32-x64\jre\17.0.4-win32-x86_64\bin\server;C:\Users\baokh\AppData\Roaming\Code\User\globalStorage\redhat.java\1.10.0\config_win\org.eclipse.equinox.launcher\org.eclipse.equinox.launcher.win32.win32.x86_64_1.2.500.v20220509-0833;C:\Users\baokh\AppData\Local\Temp\jna--1829887666

VM Arguments:
jvm_args: --add-modules=ALL-SYSTEM --add-opens=java.base/java.util=ALL-UNNAMED --add-opens=java.base/java.lang=ALL-UNNAMED --add-opens=java.base/sun.nio.fs=ALL-UNNAMED -Declipse.application=org.eclipse.jdt.ls.core.id1 -Dosgi.bundles.defaultStartLevel=4 -Declipse.product=org.eclipse.jdt.ls.core.product -Djava.import.generatesMetadataFilesAtProjectRoot=false -Dfile.encoding=utf8 -DwatchParentProcess=false -Xlog:jni+resolve=off -XX:+UseParallelGC -XX:GCTimeRatio=4 -XX:AdaptiveSizePolicyWeight=90 -Dsun.zip.disableMemoryMapping=true -Xmx1G -Xms100m -javaagent:c:\Users\baokh\.vscode\extensions\redhat.java-1.10.0-win32-x64\lombok\lombok-1.18.24.jar -XX:+HeapDumpOnOutOfMemoryError -XX:HeapDumpPath=c:\Users\baokh\AppData\Roaming\Code\User\workspaceStorage\451df31cd83aa7fad3f5bcb67ad3c674\redhat.java 
java_command: c:\Users\baokh\.vscode\extensions\redhat.java-1.10.0-win32-x64\server\plugins\org.eclipse.equinox.launcher_1.6.400.v20210924-0641.jar -configuration c:\Users\baokh\AppData\Roaming\Code\User\globalStorage\redhat.java\1.10.0\config_win -data c:\Users\baokh\AppData\Roaming\Code\User\workspaceStorage\451df31cd83aa7fad3f5bcb67ad3c674\redhat.java\jdt_ws
java_class_path (initial): c:\Users\baokh\.vscode\extensions\redhat.java-1.10.0-win32-x64\server\plugins\org.eclipse.equinox.launcher_1.6.400.v20210924-0641.jar
Launcher Type: SUN_STANDARD

[Global flags]
    uintx AdaptiveSizePolicyWeight                 = 90                                        {product} {command line}
     intx CICompilerCount                          = 3                                         {product} {ergonomic}
    uintx GCTimeRatio                              = 4                                         {product} {command line}
     bool HeapDumpOnOutOfMemoryError               = true                                   {manageable} {command line}
    ccstr HeapDumpPath                             = c:\Users\baokh\AppData\Roaming\Code\User\workspaceStorage\451df31cd83aa7fad3f5bcb67ad3c674\redhat.java         {manageable} {command line}
   size_t InitialHeapSize                          = 104857600                                 {product} {command line}
   size_t MaxHeapSize                              = 1073741824                                {product} {command line}
   size_t MaxNewSize                               = 357564416                                 {product} {ergonomic}
   size_t MinHeapDeltaBytes                        = 524288                                    {product} {ergonomic}
   size_t MinHeapSize                              = 104857600                                 {product} {command line}
   size_t NewSize                                  = 34603008                                  {product} {ergonomic}
    uintx NonNMethodCodeHeapSize                   = 5832780                                {pd product} {ergonomic}
    uintx NonProfiledCodeHeapSize                  = 122912730                              {pd product} {ergonomic}
   size_t OldSize                                  = 70254592                                  {product} {ergonomic}
    uintx ProfiledCodeHeapSize                     = 122912730                              {pd product} {ergonomic}
    uintx ReservedCodeCacheSize                    = 251658240                              {pd product} {ergonomic}
     bool SegmentedCodeCache                       = true                                      {product} {ergonomic}
   size_t SoftMaxHeapSize                          = 1073741824                             {manageable} {ergonomic}
     bool UseCompressedClassPointers               = true                           {product lp64_product} {ergonomic}
     bool UseCompressedOops                        = true                           {product lp64_product} {ergonomic}
     bool UseLargePagesIndividualAllocation        = false                                  {pd product} {ergonomic}
     bool UseParallelGC                            = true                                      {product} {command line}

Logging:
Log output configuration:
 #0: stdout all=warning,jni+resolve=off uptime,level,tags
 #1: stderr all=off uptime,level,tags

Environment Variables:
JAVA_HOME=C:\Program Files\Java\jdk-17
PATH=C:\Python310\Scripts\;C:\Python310\;C:\Program Files\Common Files\Oracle\Java\javapath;C:\Program Files (x86)\Common Files\Oracle\Java\javapath;C:\WINDOWS\system32;C:\WINDOWS;C:\WINDOWS\System32\Wbem;C:\WINDOWS\System32\WindowsPowerShell\v1.0\;C:\Program Files\dotnet\;C:\WINDOWS\System32\OpenSSH\;D:\Program Files (x86)\PDFtk\bin\;C:\Program Files\MiKTeX 2.9\miktex\bin\x64\;D:\Program Files (x86)\Calibre2\;C:\Program Files\NVIDIA Corporation\NVIDIA NvDLISR;C:\Program Files (x86)\NVIDIA Corporation\PhysX\Common;C:\WINDOWS\system32;C:\WINDOWS;C:\WINDOWS\System32\Wbem;C:\WINDOWS\System32\WindowsPowerShell\v1.0\;C:\WINDOWS\System32\OpenSSH\;C:\Program Files\Git\cmd;C:\Program Files\Git\usr\bin;D:\Program Files\nodejs\;C:\ProgramData\chocolatey\bin;;C:\Program Files\Docker\Docker\resources\bin;C:\ProgramData\DockerDesktop\version-bin;C:\Python\Python36\Scripts\;C:\Python\Python36\;C:\Users\baokh\AppData\Local\Microsoft\WindowsApps;C:\Program Files\Microsoft VS Code\bin;D:\Program Files\MikTEX\miktex\bin\x64\;C:\Users\baokh\AppData\Local\Programs\Microsoft VS Code\bin;D:\Program Files\Bandizip\;C:\Users\baokh\AppData\Local\GitHubDesktop\bin;C:\Users\baokh\AppData\Roaming\npm
USERNAME=baokhanh
OS=Windows_NT
PROCESSOR_IDENTIFIER=Intel64 Family 6 Model 60 Stepping 3, GenuineIntel
TMP=C:\Users\baokh\AppData\Local\Temp
TEMP=C:\Users\baokh\AppData\Local\Temp



---------------  S Y S T E M  ---------------

OS:
 Windows 10 , 64 bit Build 19041 (10.0.19041.1889)
OS uptime: 5 days 18:38 hours
Hyper-V role detected

CPU: total 4 (initial active 4) (4 cores per cpu, 1 threads per core) family 6 model 60 stepping 3 microcode 0x27, cx8, cmov, fxsr, mmx, sse, sse2, sse3, ssse3, sse4.1, sse4.2, popcnt, lzcnt, tsc, tscinvbit, avx, avx2, aes, erms, clmul, bmi1, bmi2, fma, vzeroupper, clflush, hv

Memory: 4k page, system-wide physical 8082M (1095M free)
TotalPageFile size 29396M (AvailPageFile size 8077M)
current process WorkingSet (physical memory assigned to process): 345M, peak: 638M
current process commit charge ("private bytes"): 613M, peak: 639M

vm_info: OpenJDK 64-Bit Server VM (17.0.4+8) for windows-amd64 JRE (17.0.4+8), built on Jul 19 2022 16:05:16 by "temurin" with MS VC++ 16.7 (VS2019)

END.
